<?xml version="1.0" encoding="UTF-8"?>
<!-- Generated by org.testng.reporters.JUnitXMLReporter -->
<testsuite hostname="LAPTOP-4TN5TG0B" ignored="1" tests="2" failures="0" timestamp="29 May 2017 06:11:17 GMT" time="234.899" errors="0">
  <testcase name="setupDriver" time="120.942" classname="AddReportExcelDataTest"/>
  <testcase name="setupDriver" time="113.745" classname="AddReportExcelDataTest"/>
  <testcase name="ReadDataExcelReport" time="0.0" classname="AddReportExcelDataTest">
    <ignored/>
  </testcase> <!-- ReadDataExcelReport -->
</testsuite>
